Started by user [8mha:////4Cx515MFuMEslqe/WtdHVBGJvfqpFg2HBuvY3dr251usAAAAmB+LCAAAAAAAAP9b85aBtbiIQTGjNKU4P08vOT+vOD8nVc83PyU1x6OyILUoJzMv2y+/JJUBAhiZGBgqihhk0NSjKDWzXb3RdlLBUSYGJk8GtpzUvPSSDB8G5tKinBIGIZ+sxLJE/ZzEvHT94JKizLx0a6BxUmjGOUNodHsLgAy2EgYe/dLi1CL93MS80tQcAH4RyOTBAAAA[0mmanuel
Running as SYSTEM
Building remotely on [8mha:////4MyDuWS3U/5eeGt4pvCCpZsOcHJqI/inMVy2CfG6WcfwAAAAnB+LCAAAAAAAAP9b85aBtbiIQTGjNKU4P08vOT+vOD8nVc83PyU1x6OyILUoJzMv2y+/JJUBAhiZGBgqihhk0NSjKDWzXb3RdlLBUSYGJk8GtpzUvPSSDB8G5tKinBIGIZ+sxLJE/ZzEvHT94JKizLx0a6BxUmjGOUNodHsLgAy2EgYB/eT83ILSktQi/eKcxLJUQwA49mDyxQAAAA==[0mslave1 in workspace /home/jenkins/workspace/Manuel_stuff/testMaven
[WS-CLEANUP] Deleting project workspace...
[WS-CLEANUP] Deferred wipeout is used...
[WS-CLEANUP] Done
Cloning the remote Git repository
Cloning repository https://github.com/manrodri/mavenSampleProject.git
 > git init /home/jenkins/workspace/Manuel_stuff/testMaven # timeout=10
Fetching upstream changes from https://github.com/manrodri/mavenSampleProject.git
 > git --version # timeout=10
 > git fetch --tags --progress https://github.com/manrodri/mavenSampleProject.git +refs/heads/*:refs/remotes/origin/*
 > git config remote.origin.url https://github.com/manrodri/mavenSampleProject.git # timeout=10
 > git config --add remote.origin.fetch +refs/heads/*:refs/remotes/origin/* # timeout=10
 > git config remote.origin.url https://github.com/manrodri/mavenSampleProject.git # timeout=10
Fetching upstream changes from https://github.com/manrodri/mavenSampleProject.git
 > git fetch --tags --progress https://github.com/manrodri/mavenSampleProject.git +refs/heads/*:refs/remotes/origin/*
 > git rev-parse refs/remotes/origin/master^{commit} # timeout=10
 > git rev-parse refs/remotes/origin/origin/master^{commit} # timeout=10
Checking out Revision 8eeb15188633ed5d7ac62616ef631238ee3bf1fa (refs/remotes/origin/master)
 > git config core.sparsecheckout # timeout=10
 > git checkout -f 8eeb15188633ed5d7ac62616ef631238ee3bf1fa
Commit message: "sample project from apachemaven.org"
 > git rev-list --no-walk 8eeb15188633ed5d7ac62616ef631238ee3bf1fa # timeout=10
[testMaven] $ /home/jenkins/tools/hudson.tasks.Maven_MavenInstallation/M3/bin/mvn clean test
[INFO] Scanning for projects...
[INFO] 
[INFO] ----------------------< com.mycompany.app:my-app >----------------------
[INFO] Building my-app 1.0-SNAPSHOT
[INFO] --------------------------------[ jar ]---------------------------------
[INFO] 
[8mha:////4OJDZtzRPWhpmEjy4fgMx3ceTR3LE96MuKnkvVb0cQONAAAAYB+LCAAAAAAAAP9b85aBtbiIQSmjNKU4P0+vJLE4u1gvPjexLDVPzxdEGvvmZ+X75ZekLlOVfvTjc8FPJgaGiiIGKaiG5Py84vycVD1nCA1SyAABjCCFBQCV27OjYAAAAA==[0m[INFO] --- maven-clean-plugin:3.1.0:clean (default-clean) @ my-app ---
[INFO] 
[8mha:////4OJDZtzRPWhpmEjy4fgMx3ceTR3LE96MuKnkvVb0cQONAAAAYB+LCAAAAAAAAP9b85aBtbiIQSmjNKU4P0+vJLE4u1gvPjexLDVPzxdEGvvmZ+X75ZekLlOVfvTjc8FPJgaGiiIGKaiG5Py84vycVD1nCA1SyAABjCCFBQCV27OjYAAAAA==[0m[INFO] --- maven-resources-plugin:3.0.2:resources (default-resources) @ my-app ---
[INFO] Using 'UTF-8' encoding to copy filtered resources.
[INFO] skip non existing resourceDirectory /home/jenkins/workspace/Manuel_stuff/testMaven/src/main/resources
[INFO] 
[8mha:////4OJDZtzRPWhpmEjy4fgMx3ceTR3LE96MuKnkvVb0cQONAAAAYB+LCAAAAAAAAP9b85aBtbiIQSmjNKU4P0+vJLE4u1gvPjexLDVPzxdEGvvmZ+X75ZekLlOVfvTjc8FPJgaGiiIGKaiG5Py84vycVD1nCA1SyAABjCCFBQCV27OjYAAAAA==[0m[INFO] --- maven-compiler-plugin:3.8.0:compile (default-compile) @ my-app ---
[INFO] Changes detected - recompiling the module!
[INFO] Compiling 1 source file to /home/jenkins/workspace/Manuel_stuff/testMaven/target/classes
[INFO] -------------------------------------------------------------
[8mha:////4OuylCjUTgQUzzhLiWepdoPqGHiiJg+C+us6l2dlnbJ9AAAAYB+LCAAAAAAAAP9b85aBtbiIQSmjNKU4P0+vJLE4u1gvPjexLDVPzxdEuhYV5Rf55ZekOlc7RKnPKH7IxMBQUcQgBdWQnJ9XnJ+TqucMoUEKGSCAEaSwAACsNFCqYAAAAA==[0m[ERROR] COMPILATION ERROR : 
[INFO] -------------------------------------------------------------
[8mha:////4OuylCjUTgQUzzhLiWepdoPqGHiiJg+C+us6l2dlnbJ9AAAAYB+LCAAAAAAAAP9b85aBtbiIQSmjNKU4P0+vJLE4u1gvPjexLDVPzxdEuhYV5Rf55ZekOlc7RKnPKH7IxMBQUcQgBdWQnJ9XnJ+TqucMoUEKGSCAEaSwAACsNFCqYAAAAA==[0m[ERROR] No compiler is provided in this environment. Perhaps you are running on a JRE rather than a JDK?
[INFO] 1 error
[INFO] -------------------------------------------------------------
[INFO] ------------------------------------------------------------------------
[INFO] BUILD FAILURE
[INFO] ------------------------------------------------------------------------
[INFO] Total time:  1.636 s
[INFO] Finished at: 2019-07-25T14:51:19Z
[INFO] ------------------------------------------------------------------------
[8mha:////4OuylCjUTgQUzzhLiWepdoPqGHiiJg+C+us6l2dlnbJ9AAAAYB+LCAAAAAAAAP9b85aBtbiIQSmjNKU4P0+vJLE4u1gvPjexLDVPzxdEuhYV5Rf55ZekOlc7RKnPKH7IxMBQUcQgBdWQnJ9XnJ+TqucMoUEKGSCAEaSwAACsNFCqYAAAAA==[0m[ERROR] Failed to execute goal org.apache.maven.plugins:maven-compiler-plugin:3.8.0:compile (default-compile) on project my-app: Compilation failure
[8mha:////4OuylCjUTgQUzzhLiWepdoPqGHiiJg+C+us6l2dlnbJ9AAAAYB+LCAAAAAAAAP9b85aBtbiIQSmjNKU4P0+vJLE4u1gvPjexLDVPzxdEuhYV5Rf55ZekOlc7RKnPKH7IxMBQUcQgBdWQnJ9XnJ+TqucMoUEKGSCAEaSwAACsNFCqYAAAAA==[0m[ERROR] No compiler is provided in this environment. Perhaps you are running on a JRE rather than a JDK?
[8mha:////4OuylCjUTgQUzzhLiWepdoPqGHiiJg+C+us6l2dlnbJ9AAAAYB+LCAAAAAAAAP9b85aBtbiIQSmjNKU4P0+vJLE4u1gvPjexLDVPzxdEuhYV5Rf55ZekOlc7RKnPKH7IxMBQUcQgBdWQnJ9XnJ+TqucMoUEKGSCAEaSwAACsNFCqYAAAAA==[0m[ERROR] 
[8mha:////4OuylCjUTgQUzzhLiWepdoPqGHiiJg+C+us6l2dlnbJ9AAAAYB+LCAAAAAAAAP9b85aBtbiIQSmjNKU4P0+vJLE4u1gvPjexLDVPzxdEuhYV5Rf55ZekOlc7RKnPKH7IxMBQUcQgBdWQnJ9XnJ+TqucMoUEKGSCAEaSwAACsNFCqYAAAAA==[0m[ERROR] -> [Help 1]
[8mha:////4OuylCjUTgQUzzhLiWepdoPqGHiiJg+C+us6l2dlnbJ9AAAAYB+LCAAAAAAAAP9b85aBtbiIQSmjNKU4P0+vJLE4u1gvPjexLDVPzxdEuhYV5Rf55ZekOlc7RKnPKH7IxMBQUcQgBdWQnJ9XnJ+TqucMoUEKGSCAEaSwAACsNFCqYAAAAA==[0m[ERROR] 
[8mha:////4OuylCjUTgQUzzhLiWepdoPqGHiiJg+C+us6l2dlnbJ9AAAAYB+LCAAAAAAAAP9b85aBtbiIQSmjNKU4P0+vJLE4u1gvPjexLDVPzxdEuhYV5Rf55ZekOlc7RKnPKH7IxMBQUcQgBdWQnJ9XnJ+TqucMoUEKGSCAEaSwAACsNFCqYAAAAA==[0m[ERROR] To see the full stack trace of the errors, re-run Maven with the -e switch.
[8mha:////4OuylCjUTgQUzzhLiWepdoPqGHiiJg+C+us6l2dlnbJ9AAAAYB+LCAAAAAAAAP9b85aBtbiIQSmjNKU4P0+vJLE4u1gvPjexLDVPzxdEuhYV5Rf55ZekOlc7RKnPKH7IxMBQUcQgBdWQnJ9XnJ+TqucMoUEKGSCAEaSwAACsNFCqYAAAAA==[0m[ERROR] Re-run Maven using the -X switch to enable full debug logging.
[8mha:////4OuylCjUTgQUzzhLiWepdoPqGHiiJg+C+us6l2dlnbJ9AAAAYB+LCAAAAAAAAP9b85aBtbiIQSmjNKU4P0+vJLE4u1gvPjexLDVPzxdEuhYV5Rf55ZekOlc7RKnPKH7IxMBQUcQgBdWQnJ9XnJ+TqucMoUEKGSCAEaSwAACsNFCqYAAAAA==[0m[ERROR] 
[8mha:////4OuylCjUTgQUzzhLiWepdoPqGHiiJg+C+us6l2dlnbJ9AAAAYB+LCAAAAAAAAP9b85aBtbiIQSmjNKU4P0+vJLE4u1gvPjexLDVPzxdEuhYV5Rf55ZekOlc7RKnPKH7IxMBQUcQgBdWQnJ9XnJ+TqucMoUEKGSCAEaSwAACsNFCqYAAAAA==[0m[ERROR] For more information about the errors and possible solutions, please read the following articles:
[8mha:////4OuylCjUTgQUzzhLiWepdoPqGHiiJg+C+us6l2dlnbJ9AAAAYB+LCAAAAAAAAP9b85aBtbiIQSmjNKU4P0+vJLE4u1gvPjexLDVPzxdEuhYV5Rf55ZekOlc7RKnPKH7IxMBQUcQgBdWQnJ9XnJ+TqucMoUEKGSCAEaSwAACsNFCqYAAAAA==[0m[ERROR] [Help 1] http://cwiki.apache.org/confluence/display/MAVEN/MojoFailureException
Build step 'Invoke top-level Maven targets' marked build as failure
Finished: FAILURE
